Determining if the Q_WS_WIN exist failed with the following output:
Change Dir: /home/mk20/course/CS123_GPU_Ray_Tracing/CMakeFiles/CMakeTmp

Run Build Command:/usr/bin/make "cmTryCompileExec/fast"
make: Warning: File `Makefile' has modification time 0.18 s in the future
/usr/bin/make -f CMakeFiles/cmTryCompileExec.dir/build.make CMakeFiles/cmTryCompileExec.dir/build
make[1]: Entering directory `/gpfs/main/home/mk20/course/CS123_GPU_Ray_Tracing/CMakeFiles/CMakeTmp'
make[1]: Warning: File `CMakeFiles/cmTryCompileExec.dir/flags.make' has modification time 0.17 s in the future
/usr/bin/cmake -E cmake_progress_report /home/mk20/course/CS123_GPU_Ray_Tracing/CMakeFiles/CMakeTmp/CMakeFiles 1
Building C object CMakeFiles/cmTryCompileExec.dir/CheckSymbolExists.c.o
/usr/bin/gcc   -fPIC   -I/usr/include/qt4   -o CMakeFiles/cmTryCompileExec.dir/CheckSymbolExists.c.o   -c /home/mk20/course/CS123_GPU_Ray_Tracing/CMakeFiles/CMakeTmp/CheckSymbolExists.c
/home/mk20/course/CS123_GPU_Ray_Tracing/CMakeFiles/CMakeTmp/CheckSymbolExists.c: In function 'main':
/home/mk20/course/CS123_GPU_Ray_Tracing/CMakeFiles/CMakeTmp/CheckSymbolExists.c:8: error: 'Q_WS_WIN' undeclared (first use in this function)
/home/mk20/course/CS123_GPU_Ray_Tracing/CMakeFiles/CMakeTmp/CheckSymbolExists.c:8: error: (Each undeclared identifier is reported only once
/home/mk20/course/CS123_GPU_Ray_Tracing/CMakeFiles/CMakeTmp/CheckSymbolExists.c:8: error: for each function it appears in.)
make[1]: *** [CMakeFiles/cmTryCompileExec.dir/CheckSymbolExists.c.o] Error 1
make[1]: Leaving directory `/gpfs/main/home/mk20/course/CS123_GPU_Ray_Tracing/CMakeFiles/CMakeTmp'
make: *** [cmTryCompileExec/fast] Error 2

File /home/mk20/course/CS123_GPU_Ray_Tracing/CMakeFiles/CMakeTmp/CheckSymbolExists.c:
/* */
#include <QtCore/qglobal.h>

void cmakeRequireSymbol(int dummy,...){(void)dummy;}
int main()
{
#ifndef Q_WS_WIN
  cmakeRequireSymbol(0,&Q_WS_WIN);
#endif
  return 0;
}

Determining if the Q_WS_QWS exist failed with the following output:
Change Dir: /home/mk20/course/CS123_GPU_Ray_Tracing/CMakeFiles/CMakeTmp

Run Build Command:/usr/bin/make "cmTryCompileExec/fast"
make: Warning: File `Makefile' has modification time 0.18 s in the future
/usr/bin/make -f CMakeFiles/cmTryCompileExec.dir/build.make CMakeFiles/cmTryCompileExec.dir/build
make[1]: Entering directory `/gpfs/main/home/mk20/course/CS123_GPU_Ray_Tracing/CMakeFiles/CMakeTmp'
make[1]: Warning: File `CMakeFiles/cmTryCompileExec.dir/flags.make' has modification time 0.17 s in the future
/usr/bin/cmake -E cmake_progress_report /home/mk20/course/CS123_GPU_Ray_Tracing/CMakeFiles/CMakeTmp/CMakeFiles 1
Building C object CMakeFiles/cmTryCompileExec.dir/CheckSymbolExists.c.o
/usr/bin/gcc   -fPIC   -I/usr/include/qt4   -o CMakeFiles/cmTryCompileExec.dir/CheckSymbolExists.c.o   -c /home/mk20/course/CS123_GPU_Ray_Tracing/CMakeFiles/CMakeTmp/CheckSymbolExists.c
/home/mk20/course/CS123_GPU_Ray_Tracing/CMakeFiles/CMakeTmp/CheckSymbolExists.c: In function 'main':
/home/mk20/course/CS123_GPU_Ray_Tracing/CMakeFiles/CMakeTmp/CheckSymbolExists.c:8: error: 'Q_WS_QWS' undeclared (first use in this function)
/home/mk20/course/CS123_GPU_Ray_Tracing/CMakeFiles/CMakeTmp/CheckSymbolExists.c:8: error: (Each undeclared identifier is reported only once
/home/mk20/course/CS123_GPU_Ray_Tracing/CMakeFiles/CMakeTmp/CheckSymbolExists.c:8: error: for each function it appears in.)
make[1]: *** [CMakeFiles/cmTryCompileExec.dir/CheckSymbolExists.c.o] Error 1
make[1]: Leaving directory `/gpfs/main/home/mk20/course/CS123_GPU_Ray_Tracing/CMakeFiles/CMakeTmp'
make: *** [cmTryCompileExec/fast] Error 2

File /home/mk20/course/CS123_GPU_Ray_Tracing/CMakeFiles/CMakeTmp/CheckSymbolExists.c:
/* */
#include <QtCore/qglobal.h>

void cmakeRequireSymbol(int dummy,...){(void)dummy;}
int main()
{
#ifndef Q_WS_QWS
  cmakeRequireSymbol(0,&Q_WS_QWS);
#endif
  return 0;
}

Determining if the Q_WS_MAC exist failed with the following output:
Change Dir: /home/mk20/course/CS123_GPU_Ray_Tracing/CMakeFiles/CMakeTmp

Run Build Command:/usr/bin/make "cmTryCompileExec/fast"
make: Warning: File `Makefile' has modification time 0.19 s in the future
/usr/bin/make -f CMakeFiles/cmTryCompileExec.dir/build.make CMakeFiles/cmTryCompileExec.dir/build
make[1]: Entering directory `/gpfs/main/home/mk20/course/CS123_GPU_Ray_Tracing/CMakeFiles/CMakeTmp'
make[1]: Warning: File `CMakeFiles/cmTryCompileExec.dir/flags.make' has modification time 0.18 s in the future
/usr/bin/cmake -E cmake_progress_report /home/mk20/course/CS123_GPU_Ray_Tracing/CMakeFiles/CMakeTmp/CMakeFiles 1
Building C object CMakeFiles/cmTryCompileExec.dir/CheckSymbolExists.c.o
/usr/bin/gcc   -fPIC   -I/usr/include/qt4   -o CMakeFiles/cmTryCompileExec.dir/CheckSymbolExists.c.o   -c /home/mk20/course/CS123_GPU_Ray_Tracing/CMakeFiles/CMakeTmp/CheckSymbolExists.c
/home/mk20/course/CS123_GPU_Ray_Tracing/CMakeFiles/CMakeTmp/CheckSymbolExists.c: In function 'main':
/home/mk20/course/CS123_GPU_Ray_Tracing/CMakeFiles/CMakeTmp/CheckSymbolExists.c:8: error: 'Q_WS_MAC' undeclared (first use in this function)
/home/mk20/course/CS123_GPU_Ray_Tracing/CMakeFiles/CMakeTmp/CheckSymbolExists.c:8: error: (Each undeclared identifier is reported only once
/home/mk20/course/CS123_GPU_Ray_Tracing/CMakeFiles/CMakeTmp/CheckSymbolExists.c:8: error: for each function it appears in.)
make[1]: *** [CMakeFiles/cmTryCompileExec.dir/CheckSymbolExists.c.o] Error 1
make[1]: Leaving directory `/gpfs/main/home/mk20/course/CS123_GPU_Ray_Tracing/CMakeFiles/CMakeTmp'
make: *** [cmTryCompileExec/fast] Error 2

File /home/mk20/course/CS123_GPU_Ray_Tracing/CMakeFiles/CMakeTmp/CheckSymbolExists.c:
/* */
#include <QtCore/qglobal.h>

void cmakeRequireSymbol(int dummy,...){(void)dummy;}
int main()
{
#ifndef Q_WS_MAC
  cmakeRequireSymbol(0,&Q_WS_MAC);
#endif
  return 0;
}

